2025-05-26 16:04:30 [INFO] AnycubicPhotonWorkshop start!
2025-05-26 16:04:30 [INFO] argc:  2
2025-05-26 16:04:30 [WARN] "C:/Program Files/AnycubicPhotonWorkshop"
2025-05-26 16:04:30 [WARN] Successfully init crashpad
2025-05-26 16:04:30 [WARN] Unable to enumerate family ' "Alibaba PuHuiTi 3.0 55 Regular L3" '
2025-05-26 16:04:30 [WARN] Unable to enumerate family ' "Alibaba PuHuiTi 3.0 95 ExtraBold" '
2025-05-26 16:04:30 [INFO] ctk manager plugins:  "C:/Program Files/AnycubicPhotonWorkshop/plugins/"
2025-05-26 16:04:30 [INFO] Load plugin org.commontk.eventadmin success.
2025-05-26 16:04:30 [INFO] [Install Plugin] "C:/Program Files/AnycubicPhotonWorkshop/plugins/splashwindow.dll"
2025-05-26 16:04:30 [INFO] Install Plugin Success!
2025-05-26 16:04:30 [WARN] Unable to enumerate family ' "Alibaba PuHuiTi 3.0 55 Regular L3" '
2025-05-26 16:04:31 [WARN] Unable to enumerate family ' "Alibaba PuHuiTi 3.0 95 ExtraBold" '
2025-05-26 16:04:31 [INFO] [Install Plugin] "C:/Program Files/AnycubicPhotonWorkshop/plugins/printer.dll"
2025-05-26 16:04:31 [INFO] Install Plugin Success!
2025-05-26 16:04:31 [FATAL] readDataFromFile (C:/Program Files/AnycubicPhotonWorkshop/machine_type/Anycubic Photon Mono M7.pwsp) is error.
2025-05-26 16:04:31 [FATAL] loadFactoryMachine factory market Anycubic Photon Mono M7 msg retcode -1, msg retmsg: 
2025-05-26 16:04:31 [WARN] loadMachineResin currentPrinter(Anycubic Photon Mono X 6K) init success.
2025-05-26 16:04:31 [INFO] loadMachineParamRange is success.
2025-05-26 16:04:31 [INFO] loadMachineResinType is success.
2025-05-26 16:04:31 [INFO] loadMachineResinName is success.
2025-05-26 16:04:31 [INFO] [Install Plugin] "C:/Program Files/AnycubicPhotonWorkshop/plugins/mainwindow.dll"
2025-05-26 16:04:31 [INFO] Install Plugin Success!
2025-05-26 16:04:31 [INFO] "current server is testserver. 0"
2025-05-26 16:04:31 [INFO] QVariant(QByteArray, "mqtt.anycubic.com")
2025-05-26 16:04:31 [INFO] QVariant(QByteArray, "mqtt-universe.anycubic.com")
2025-05-26 16:04:31 [INFO] QVariant(QByteArray, "8883")
2025-05-26 16:04:31 [INFO] QVariant(QByteArray, "8883")
2025-05-26 16:04:31 [INFO] "environment_url is https://workbentch.s3.us-east-2.amazonaws.com/workshop/environment.ini"
2025-05-26 16:04:31 [INFO] QmlFactory 0.068 s
2025-05-26 16:04:31 [INFO] [Install Plugin] "C:/Program Files/AnycubicPhotonWorkshop/plugins/autoupdater.dll"
2025-05-26 16:04:31 [INFO] Install Plugin Success!
2025-05-26 16:04:31 [INFO] [Install Plugin] "C:/Program Files/AnycubicPhotonWorkshop/plugins/gareport.dll"
2025-05-26 16:04:31 [INFO] Install Plugin Success!
2025-05-26 16:04:31 [INFO] [Install Plugin] "C:/Program Files/AnycubicPhotonWorkshop/plugins/accloud.dll"
2025-05-26 16:04:31 [INFO] Install Plugin Success!
2025-05-26 16:04:31 [WARN] void __cdecl ACCloudNetRequest::init(void), cn_server = mqtt.anycubic.com, cn_server_port = 8883, en_server = mqtt-universe.anycubic.com, en_server_port = 8883, url = https://cloud-universe.anycubic.com/p/p/workbench/api
2025-05-26 16:04:31 [WARN] CountriesDataModel::setCurrCountryIdn, newCurrCountryIdn = CN
2025-05-26 16:04:31 [WARN] void __cdecl ACCloudNetRequest::getCountries(void)
2025-05-26 16:04:31 [WARN] void __cdecl ACCloudNetRequest::getPrintCtrlCodeReasons(void)
2025-05-26 16:04:31 [WARN] ACCloudManager::ACCloudManager, cloud model, build_time = 2024-04-26 17:28:45, git_brance = feat/casdoor, git_hash = 6b20758, git_commit = 2024-04-26
2025-05-26 16:04:31 [INFO] [Install Plugin] "C:/Program Files/AnycubicPhotonWorkshop/plugins/facegen.dll"
2025-05-26 16:04:31 [INFO] Install Plugin Success!
2025-05-26 16:04:31 [WARN] Translation::changedSystemLanguage, language = 0
2025-05-26 16:04:31 [WARN] register  GizmoController
2025-05-26 16:04:32 [WARN] enableMenuShortcut menushort cut: 0
2025-05-26 16:04:32 [INFO] uiState:  false
2025-05-26 16:04:32 [WARN] enableMenuShortcut menushort cut: 0
2025-05-26 16:04:32 [WARN] QFSFileEngine::open: No file name specified
2025-05-26 16:04:32 [WARN] Cannot open file '', because: No file name specified
2025-05-26 16:04:32 [WARN] QFSFileEngine::open: No file name specified
2025-05-26 16:04:32 [WARN] Cannot open file '', because: No file name specified
2025-05-26 16:04:32 [WARN] QFSFileEngine::open: No file name specified
2025-05-26 16:04:32 [WARN] Cannot open file '', because: No file name specified
2025-05-26 16:04:32 [WARN] void __cdecl EventMiniHandlerCallback::event(const struct ReasonResponse *,unsigned int)
2025-05-26 16:04:32 [WARN] QFSFileEngine::open: No file name specified
2025-05-26 16:04:32 [WARN] Cannot open file '', because: No file name specified
2025-05-26 16:04:32 [WARN] QFSFileEngine::open: No file name specified
2025-05-26 16:04:32 [WARN] Cannot open file '', because: No file name specified
2025-05-26 16:04:32 [WARN] QFSFileEngine::open: No file name specified
2025-05-26 16:04:32 [WARN] Cannot open file '', because: No file name specified
2025-05-26 16:04:32 [WARN] QFSFileEngine::open: No file name specified
2025-05-26 16:04:32 [WARN] Cannot open file '', because: No file name specified
2025-05-26 16:04:32 [WARN] QFSFileEngine::open: No file name specified
2025-05-26 16:04:32 [WARN] Cannot open file '', because: No file name specified
2025-05-26 16:04:32 [WARN] xChanged 1
2025-05-26 16:04:32 [INFO] event:  "splash_window_visible" data:  QVariant(bool, false) extentionData:  QVariant(Invalid)
2025-05-26 16:04:32 [INFO] event:  "main_load" data:  QVariant(Invalid) extentionData:  QVariant(Invalid)
2025-05-26 16:04:32 [INFO] event:  "main_language_changed" data:  QVariant(int, 0) extentionData:  QVariant(Invalid)
2025-05-26 16:04:32 [WARN] void __cdecl PrintersDataModel::onReasonResponse(const struct ReasonResponse *,int)
count = 125
2025-05-26 16:04:32 [INFO] uiState:  true
2025-05-26 16:04:32 [WARN] creating renderer
2025-05-26 16:04:32 [WARN] printer valid --:  98.5 61.4
2025-05-26 16:04:32 [WARN] printer build --:  99.072 61.92
2025-05-26 16:04:32 [WARN] deltaX -- :  0.572006
2025-05-26 16:04:32 [WARN] deltaY -- :  0.520004
2025-05-26 16:04:32 [WARN] machine boarder width 1--------------------  0.572006 0.520004
2025-05-26 16:04:32 [WARN] create planar shadow node
2025-05-26 16:04:32 [WARN] loadGizmoRotationHead OK 576
2025-05-26 16:04:32 [INFO]  camera_manipulator::home
2025-05-26 16:04:32 [INFO]  camera_manipulator::home/ComputeBound
2025-05-26 16:04:32 [INFO]  camera_manipulator::home
2025-05-26 16:04:32 [INFO]  camera_manipulator::home/ComputeBound
2025-05-26 16:04:32 [INFO]  camera_manipulator::home/BoundingSphere
2025-05-26 16:04:32 [INFO]  camera_manipulator::home/udpate_view
2025-05-26 16:04:32 [WARN] GL Verison:  0x7ffe10a1c4b8
2025-05-26 16:04:32 [WARN] GL Renderer:  0x1dc80a46810
2025-05-26 16:04:32 [WARN] compile shader program ok
2025-05-26 16:04:32 [WARN] compile shader program ok
2025-05-26 16:04:32 [WARN] compile shader program ok
2025-05-26 16:04:32 [WARN] AnyGizmos::Im3d_Init      LoadCompileShader Ok
2025-05-26 16:04:32 [WARN] AnyGizmos::Im3d_Init   VAO release Ok
2025-05-26 16:04:32 [WARN] void __cdecl ACCloudNetRequest::autoLogin(enum UserInfo::LoginMethod)
2025-05-26 16:04:32 [WARN] void __cdecl ACCloudNetRequest::login(const class QString &,const class QString &,const class QString &,const class QString &,enum UserInfo::LoginMethod)
username = perevezentsev_ea@mail.ru, password = Spark0811, country = CN, loginMethod = 0, accountType = 1
2025-05-26 16:04:32 [WARN] QFSFileEngine::open: No file name specified
2025-05-26 16:04:32 [WARN] Cannot open file '', because: No file name specified
2025-05-26 16:04:32 [WARN] QFSFileEngine::open: No file name specified
2025-05-26 16:04:32 [WARN] Cannot open file '', because: No file name specified
2025-05-26 16:04:32 [INFO] event:  "updater_init_compeleted" data:  QVariant(Invalid) extentionData:  QVariant(Invalid)
2025-05-26 16:04:32 [WARN] QFSFileEngine::open: No file name specified
2025-05-26 16:04:32 [WARN] Cannot open file '', because: No file name specified
2025-05-26 16:04:32 [WARN] QFSFileEngine::open: No file name specified
2025-05-26 16:04:32 [WARN] Cannot open file '', because: No file name specified
2025-05-26 16:04:32 [WARN] void __cdecl ACCloudNetRequest::getCountries(void)
2025-05-26 16:04:32 [WARN] void __cdecl ACCloudNetRequest::getPrintCtrlCodeReasons(void)
2025-05-26 16:04:32 [INFO] event:  "accloud_start_init" data:  QVariant(int, 0) extentionData:  QVariant(int, 0)
2025-05-26 16:04:32 [INFO] parseImportFiles other files: C:\Users\perev\YandexDisk\ÖČÍŇĐÎÍ\Ńáîđęŕ ëčíóęń\Ńęđčďň íŕ÷ŕëüíîé íŕńňđîéęč č óńňŕíîâęč WEB\web\web
2025-05-26 16:04:32 [INFO] parseImportFiles other files: C:\Users\perev\YandexDisk\ÖČÍŇĐÎÍ\Ńáîđęŕ ëčíóęń\Ńęđčďň íŕ÷ŕëüíîé íŕńňđîéęč č óńňŕíîâęč WEB\web\web
2025-05-26 16:04:32 [WARN] QFSFileEngine::open: No file name specified
2025-05-26 16:04:32 [WARN] Cannot open file '', because: No file name specified
2025-05-26 16:04:32 [INFO] uiState:  false
2025-05-26 16:04:32 [WARN] enableMenuShortcut menushort cut: 32
2025-05-26 16:04:32 [INFO] "doReportImportModelResult!"
2025-05-26 16:04:32 [INFO] event:  "ga_report" data:  QVariant(QByteArray, "{\n    \"business\": \"model_prepare\",\n    \"elementContent\": \"Import Files\",\n    \"elementType\": \"BUTTON\",\n    \"event\": \"ImportModelResult\",\n    \"function\": \"import_model\",\n    \"module\": \"menu_bar\",\n    \"printerType\": \"LCD\",\n    \"title\": \"\"\n}\n") extentionData:  QVariant(QByteArray, "{\n    \"importType\": \"4\",\n    \"modelInformation\": [\n        {\n            \"fileName\": \"web\",\n            \"fileSize\": 33195,\n            \"fileType\": \"\",\n            \"isSuccess\": 1\n        }\n    ],\n    \"numberOfModel\": 1\n}\n")
2025-05-26 16:04:32 [INFO] "start check autoUpdater!"
2025-05-26 16:04:32 [INFO] event:  "updater_check" data:  QVariant(Invalid) extentionData:  QVariant(Invalid)
2025-05-26 16:04:32 [INFO] send post data success!
2025-05-26 16:04:32 [WARN] QFSFileEngine::open: No file name specified
2025-05-26 16:04:32 [WARN] Cannot open file '', because: No file name specified
2025-05-26 16:04:32 [WARN] QFSFileEngine::open: No file name specified
2025-05-26 16:04:32 [WARN] Cannot open file '', because: No file name specified
2025-05-26 16:04:32 [WARN] QFSFileEngine::open: No file name specified
2025-05-26 16:04:32 [WARN] Cannot open file '', because: No file name specified
2025-05-26 16:04:33 [WARN] QFSFileEngine::open: No file name specified
2025-05-26 16:04:33 [WARN] Cannot open file '', because: No file name specified
2025-05-26 16:04:33 [WARN] QFSFileEngine::open: No file name specified
2025-05-26 16:04:33 [WARN] Cannot open file '', because: No file name specified
2025-05-26 16:04:33 [WARN] QFSFileEngine::open: No file name specified
2025-05-26 16:04:33 [WARN] Cannot open file '', because: No file name specified
2025-05-26 16:04:33 [WARN] QFSFileEngine::open: No file name specified
2025-05-26 16:04:33 [WARN] Cannot open file '', because: No file name specified
2025-05-26 16:04:33 [WARN] QFSFileEngine::open: No file name specified
2025-05-26 16:04:33 [WARN] Cannot open file '', because: No file name specified
2025-05-26 16:04:33 [WARN] QFSFileEngine::open: No file name specified
2025-05-26 16:04:33 [WARN] Cannot open file '', because: No file name specified
2025-05-26 16:04:33 [WARN] QFSFileEngine::open: No file name specified
2025-05-26 16:04:33 [WARN] Cannot open file '', because: No file name specified
2025-05-26 16:04:33 [WARN] QFSFileEngine::open: No file name specified
2025-05-26 16:04:33 [WARN] Cannot open file '', because: No file name specified
2025-05-26 16:04:33 [WARN] QFSFileEngine::open: No file name specified
2025-05-26 16:04:33 [WARN] Cannot open file '', because: No file name specified
2025-05-26 16:04:33 [WARN] QFSFileEngine::open: No file name specified
2025-05-26 16:04:33 [WARN] Cannot open file '', because: No file name specified
2025-05-26 16:04:33 [WARN] QFSFileEngine::open: No file name specified
2025-05-26 16:04:33 [WARN] Cannot open file '', because: No file name specified
2025-05-26 16:04:33 [WARN] QFSFileEngine::open: No file name specified
2025-05-26 16:04:33 [WARN] Cannot open file '', because: No file name specified
2025-05-26 16:04:33 [WARN] QFSFileEngine::open: No file name specified
2025-05-26 16:04:33 [WARN] Cannot open file '', because: No file name specified
2025-05-26 16:04:33 [WARN] QFSFileEngine::open: No file name specified
2025-05-26 16:04:33 [WARN] Cannot open file '', because: No file name specified
2025-05-26 16:04:33 [WARN] QFSFileEngine::open: No file name specified
2025-05-26 16:04:33 [WARN] Cannot open file '', because: No file name specified
2025-05-26 16:04:33 [WARN] QFSFileEngine::open: No file name specified
2025-05-26 16:04:33 [WARN] Cannot open file '', because: No file name specified
2025-05-26 16:04:33 [WARN] QFSFileEngine::open: No file name specified
2025-05-26 16:04:33 [WARN] Cannot open file '', because: No file name specified
2025-05-26 16:04:33 [WARN] QFSFileEngine::open: No file name specified
2025-05-26 16:04:33 [WARN] Cannot open file '', because: No file name specified
2025-05-26 16:04:33 [WARN] QFSFileEngine::open: No file name specified
2025-05-26 16:04:33 [WARN] Cannot open file '', because: No file name specified
2025-05-26 16:04:33 [WARN] QFSFileEngine::open: No file name specified
2025-05-26 16:04:33 [WARN] Cannot open file '', because: No file name specified
2025-05-26 16:04:33 [WARN] QFSFileEngine::open: No file name specified
2025-05-26 16:04:33 [WARN] Cannot open file '', because: No file name specified
2025-05-26 16:04:33 [WARN] QFSFileEngine::open: No file name specified
2025-05-26 16:04:33 [WARN] Cannot open file '', because: No file name specified
2025-05-26 16:04:33 [WARN] QFSFileEngine::open: No file name specified
2025-05-26 16:04:33 [WARN] Cannot open file '', because: No file name specified
2025-05-26 16:04:33 [INFO] sendData:  "{\n    \"appName\": \"AnycubicPhotonWorkshop_V3.3.2\",\n    \"appVersion\": \"v3.3.2\",\n    \"business\": \"\",\n    \"city\": \"\xE8\x8E\xAB\xE6\x96\xAF\xE7\xA7\x91\",\n    \"country\": \"\xE4\xBF\x84\xE7\xBD\x97\xE6\x96\xAF\",\n    \"elementContent\": \"\",\n    \"elementType\": \"\",\n    \"eventName\": \"ImportModelResult\",\n    \"function\": \"\",\n    \"isOverseasVersion\": true,\n    \"module\": \"\",\n    \"pcId\": \"3da7981959a5ff8823b1f63ea84c3ad2\",\n    \"printerType\": \"\",\n    \"province\": \"\xE8\x8E\xAB\xE6\x96\xAF\xE7\xA7\x91\",\n    \"timestamp\": 1748264673,\n    \"title\": \"\",\n    \"userId\": 0\n}\n"
2025-05-26 16:04:33 [WARN] void __cdecl ACCloudNetRequest::onEvent(struct NetworkRequest::EventData)
, event.event = 13, status = 1, code = 0, msg = Please download the latest version of software
2025-05-26 16:04:33 [WARN] void __cdecl ACCloudNetRequest::onLoginResult(void)

2025-05-26 16:04:33 [WARN] void __cdecl MyFileListModel::onLoginResult(void)
2025-05-26 16:04:33 [WARN] void __cdecl PrintersDataModel::onLoginResult(void)
2025-05-26 16:04:33 [WARN] void __cdecl CloudMsgNotifyListModel::onLoginResult(void)
2025-05-26 16:04:33 [WARN] void __cdecl ACCloudGaSupport::doReportLoginResult(const class QString &,const class QString &,const bool &,const class QString &)
loginType = auto_login, loginMethod = email, isSuccess = 0, failReason = Please download the latest version of software
2025-05-26 16:04:33 [WARN] void __cdecl ACCloudManager::onLoginResult(void), doReportLoginResult finish
2025-05-26 16:04:33 [INFO] sendData:  "{\n    \"appName\": \"AnycubicPhotonWorkshop_V3.3.2\",\n    \"appVersion\": \"v3.3.2\",\n    \"business\": \"\",\n    \"city\": \"\xE8\x8E\xAB\xE6\x96\xAF\xE7\xA7\x91\",\n    \"country\": \"\xE4\xBF\x84\xE7\xBD\x97\xE6\x96\xAF\",\n    \"elementContent\": \"\",\n    \"elementType\": \"\",\n    \"eventName\": \"AppStart\",\n    \"function\": \"\",\n    \"isOverseasVersion\": true,\n    \"module\": \"\",\n    \"pcId\": \"3da7981959a5ff8823b1f63ea84c3ad2\",\n    \"printerType\": \"\",\n    \"province\": \"\xE8\x8E\xAB\xE6\x96\xAF\xE7\xA7\x91\",\n    \"timestamp\": 1748264673,\n    \"title\": \"\",\n    \"userId\": 0\n}\n"
2025-05-26 16:04:33 [INFO] sendData:  "{\n    \"appName\": \"AnycubicPhotonWorkshop_V3.3.2\",\n    \"appVersion\": \"v3.3.2\",\n    \"business\": \"\",\n    \"city\": \"\xE8\x8E\xAB\xE6\x96\xAF\xE7\xA7\x91\",\n    \"country\": \"\xE4\xBF\x84\xE7\xBD\x97\xE6\x96\xAF\",\n    \"elementContent\": \"\",\n    \"elementType\": \"\",\n    \"eventName\": \"LoginResult\",\n    \"function\": \"\",\n    \"isOverseasVersion\": true,\n    \"module\": \"\",\n    \"pcId\": \"3da7981959a5ff8823b1f63ea84c3ad2\",\n    \"printerType\": \"\",\n    \"province\": \"\xE8\x8E\xAB\xE6\x96\xAF\xE7\xA7\x91\",\n    \"timestamp\": 1748264673,\n    \"title\": \"\",\n    \"userId\": 0\n}\n"
2025-05-26 16:04:33 [WARN] void __cdecl EventMiniHandlerCallback::event(const struct ReasonResponse *,unsigned int)
2025-05-26 16:04:33 [WARN] void __cdecl PrintersDataModel::onReasonResponse(const struct ReasonResponse *,int)
count = 125
2025-05-26 16:04:33 [INFO] send post data success!
2025-05-26 16:04:33 [INFO] uiState:  false
2025-05-26 16:04:33 [INFO] send post data success!
2025-05-26 16:04:34 [INFO] send post data success!
2025-05-26 16:04:36 [INFO] uiState:  false
2025-05-26 16:04:36 [INFO] uiState:  true
2025-05-26 16:04:36 [WARN] enableMenuShortcut menushort cut: 0
2025-05-26 16:04:37 [INFO] scene modifyed:  false
2025-05-26 16:04:37 [INFO] save support file is success!
2025-05-26 16:04:38 [INFO] AnycubicPhotonWorkshop end!
2025-05-26 16:04:38 [WARN] QThreadStorage: Thread 0x1dc80a375b0 exited after QThreadStorage 7 destroyed
